app/build/intermediates/manifest_merge_blame_file/debug/processDebugMainManifest/manifest-merger-blame-debug-report.txt
1<?xml version="1.0" encoding="utf-8"?>
2<manifest xmlns:android="http://schemas.android.com/apk/res/android"
3    package="com.cityhub.agent"
4    android:versionCode="9"
5    android:versionName="1.4.0" >
6
7    <uses-sdk
8        android:minSdkVersion="19"
9        android:targetSdkVersion="34" />
10
11    <!-- ─── Permissões ────────────────────────────────────────────────────── -->
12
13
14    <!--
15        Leitura de armazenamento externo para o picker de imagem de fundo.
16        API 23–32: READ_EXTERNAL_STORAGE (runtime).
17        API 19–22: concedida na instalação.
18    -->
19    <!--
20        SET_WALLPAPER é tipo "normal" — concedida na instalação, sem prompt.
21        Necessária para aplicar wallpaper na tela de bloqueio via WallpaperManager.
22    -->
23    <uses-permission android:name="android.permission.SET_WALLPAPER" />
23-->src/main/AndroidManifest.xml:16:5-72
23-->src/main/AndroidManifest.xml:16:22-69
24    <uses-permission android:name="android.permission.SET_WALLPAPER_HINTS" />
24-->src/main/AndroidManifest.xml:17:5-78
24-->src/main/AndroidManifest.xml:17:22-75
25    <uses-permission android:name="android.permission.RECEIVE_BOOT_COMPLETED" />
25-->src/main/AndroidManifest.xml:18:5-81
25-->src/main/AndroidManifest.xml:18:22-78
26    <uses-permission android:name="android.permission.FOREGROUND_SERVICE" />
26-->src/main/AndroidManifest.xml:19:5-77
26-->src/main/AndroidManifest.xml:19:22-74
27    <uses-permission android:name="android.permission.FOREGROUND_SERVICE_SPECIAL_USE" />
27-->src/main/AndroidManifest.xml:20:5-89
27-->src/main/AndroidManifest.xml:20:22-86
28    <uses-permission
28-->src/main/AndroidManifest.xml:21:5-107
29        android:name="android.permission.READ_EXTERNAL_STORAGE"
29-->src/main/AndroidManifest.xml:21:22-77
30        android:maxSdkVersion="32" />
30-->src/main/AndroidManifest.xml:21:78-104
31    <uses-permission android:name="android.permission.READ_MEDIA_IMAGES" />
31-->src/main/AndroidManifest.xml:22:5-76
31-->src/main/AndroidManifest.xml:22:22-73
32    <uses-permission android:name="android.permission.SYSTEM_ALERT_WINDOW" />
32-->src/main/AndroidManifest.xml:23:5-78
32-->src/main/AndroidManifest.xml:23:22-75
33    <uses-permission android:name="android.permission.INTERNET" />
33-->src/main/AndroidManifest.xml:24:5-67
33-->src/main/AndroidManifest.xml:24:22-64
34    <uses-permission android:name="android.permission.REQUEST_IGNORE_BATTERY_OPTIMIZATIONS" />
34-->src/main/AndroidManifest.xml:25:5-95
34-->src/main/AndroidManifest.xml:25:22-92
35    <uses-permission android:name="android.permission.KILL_BACKGROUND_PROCESSES" />
35-->src/main/AndroidManifest.xml:26:5-84
35-->src/main/AndroidManifest.xml:26:22-81
36    <uses-permission android:name="android.permission.QUERY_ALL_PACKAGES" />
36-->src/main/AndroidManifest.xml:27:5-29:53
36-->src/main/AndroidManifest.xml:27:22-74
37    <uses-permission android:name="android.permission.PACKAGE_USAGE_STATS" />
37-->src/main/AndroidManifest.xml:30:5-32:47
37-->src/main/AndroidManifest.xml:30:22-75
38
39    <permission
39-->[androidx.core:core:1.12.0] AndroidManifest.xml:22:5-24:47
40        android:name="com.cityhub.agent.DYNAMIC_RECEIVER_NOT_EXPORTED_PERMISSION"
40-->[androidx.core:core:1.12.0] AndroidManifest.xml:23:9-81
41        android:protectionLevel="signature" />
41-->[androidx.core:core:1.12.0] AndroidManifest.xml:24:9-44
42
43    <uses-permission android:name="com.cityhub.agent.DYNAMIC_RECEIVER_NOT_EXPORTED_PERMISSION" />
43-->[androidx.core:core:1.12.0] AndroidManifest.xml:26:5-97
43-->[androidx.core:core:1.12.0] AndroidManifest.xml:26:22-94
44
45    <application
45-->src/main/AndroidManifest.xml:34:5-130:19
46        android:name="com.cityhub.agent.App"
46-->src/main/AndroidManifest.xml:35:9-28
47        android:appComponentFactory="androidx.core.app.CoreComponentFactory"
47-->[androidx.core:core:1.12.0] AndroidManifest.xml:28:18-86
48        android:debuggable="true"
49        android:extractNativeLibs="true"
50        android:icon="@mipmap/ic_launcher"
50-->src/main/AndroidManifest.xml:37:9-43
51        android:label="@string/app_name"
51-->src/main/AndroidManifest.xml:36:9-41
52        android:roundIcon="@mipmap/ic_launcher_round"
52-->src/main/AndroidManifest.xml:38:9-54
53        android:supportsRtl="true"
53-->src/main/AndroidManifest.xml:39:9-35
54        android:theme="@style/Theme.CityHubLauncher" >
54-->src/main/AndroidManifest.xml:40:9-53
55
56        <!-- ─── Metadados do Desenvolvedor ───────────────────────────────── -->
57        <meta-data
57-->src/main/AndroidManifest.xml:43:9-91
58            android:name="developer_name"
58-->src/main/AndroidManifest.xml:43:20-49
59            android:value="RafaAntonio (R4PHF43L)" />
59-->src/main/AndroidManifest.xml:43:50-88
60        <meta-data
60-->src/main/AndroidManifest.xml:44:9-90
61            android:name="developer_github"
61-->src/main/AndroidManifest.xml:44:20-51
62            android:value="github.com/r4phf43l" />
62-->src/main/AndroidManifest.xml:44:52-87
63        <meta-data
63-->src/main/AndroidManifest.xml:45:9-95
64            android:name="developer_email"
64-->src/main/AndroidManifest.xml:45:20-50
65            android:value="rafael.aantonio@gmail.com" />
65-->src/main/AndroidManifest.xml:45:51-92
66
67        <!-- ─── OnboardingActivity — ponto de entrada do app ─────────────── -->
68        <activity
68-->src/main/AndroidManifest.xml:48:9-56:20
69            android:name="com.cityhub.agent.OnboardingActivity"
69-->src/main/AndroidManifest.xml:49:13-47
70            android:exported="true"
70-->src/main/AndroidManifest.xml:50:13-36
71            android:launchMode="singleTop" >
71-->src/main/AndroidManifest.xml:51:13-43
72            <intent-filter>
72-->src/main/AndroidManifest.xml:52:13-55:29
73                <action android:name="android.intent.action.MAIN" />
73-->src/main/AndroidManifest.xml:53:17-69
73-->src/main/AndroidManifest.xml:53:25-66
74
75                <category android:name="android.intent.category.LAUNCHER" />
75-->src/main/AndroidManifest.xml:54:17-77
75-->src/main/AndroidManifest.xml:54:27-74
76            </intent-filter>
77        </activity>
78
79        <!-- ─── MainActivity — portal de apps do agente ──────────────────── -->
80        <activity
80-->src/main/AndroidManifest.xml:59:9-70:20
81            android:name="com.cityhub.agent.MainActivity"
81-->src/main/AndroidManifest.xml:60:13-41
82            android:exported="true"
82-->src/main/AndroidManifest.xml:61:13-36
83            android:launchMode="singleTop"
83-->src/main/AndroidManifest.xml:62:13-43
84            android:stateNotNeeded="true"
84-->src/main/AndroidManifest.xml:63:13-42
85            android:windowSoftInputMode="stateAlwaysHidden" >
85-->src/main/AndroidManifest.xml:64:13-60
86            <intent-filter>
86-->src/main/AndroidManifest.xml:65:13-69:29
87                <action android:name="android.intent.action.MAIN" />
87-->src/main/AndroidManifest.xml:53:17-69
87-->src/main/AndroidManifest.xml:53:25-66
88
89                <category android:name="android.intent.category.HOME" />
89-->src/main/AndroidManifest.xml:67:17-73
89-->src/main/AndroidManifest.xml:67:27-70
90                <category android:name="android.intent.category.DEFAULT" />
90-->src/main/AndroidManifest.xml:68:17-76
90-->src/main/AndroidManifest.xml:68:27-73
91            </intent-filter>
92        </activity>
93
94        <!-- ─── SettingsActivity ─────────────────────────────────────────── -->
95        <activity
95-->src/main/AndroidManifest.xml:73:9-77:58
96            android:name="com.cityhub.agent.SettingsActivity"
96-->src/main/AndroidManifest.xml:74:13-45
97            android:exported="false"
97-->src/main/AndroidManifest.xml:75:13-37
98            android:label="Configurações — CityHub"
98-->src/main/AndroidManifest.xml:76:13-52
99            android:windowSoftInputMode="adjustResize" />
99-->src/main/AndroidManifest.xml:77:13-55
100
101        <!-- ─── AppManagerActivity ───────────────────────────────────────── -->
102        <activity
102-->src/main/AndroidManifest.xml:80:9-83:46
103            android:name="com.cityhub.agent.AppManagerActivity"
103-->src/main/AndroidManifest.xml:81:13-47
104            android:exported="false"
104-->src/main/AndroidManifest.xml:82:13-37
105            android:label="Gerenciar Apps" />
105-->src/main/AndroidManifest.xml:83:13-43
106
107        <!-- ─── BlockedAppActivity ───────────────────────────────────────── -->
108        <activity
108-->src/main/AndroidManifest.xml:86:9-90:49
109            android:name="com.cityhub.agent.BlockedAppActivity"
109-->src/main/AndroidManifest.xml:87:13-47
110            android:excludeFromRecents="true"
110-->src/main/AndroidManifest.xml:90:13-46
111            android:exported="false"
111-->src/main/AndroidManifest.xml:88:13-37
112            android:launchMode="singleInstance" />
112-->src/main/AndroidManifest.xml:89:13-48
113
114        <!-- ─── Receiver MDM ─────────────────────────────────────────────── -->
115        <receiver
115-->src/main/AndroidManifest.xml:93:9-99:20
116            android:name="com.cityhub.agent.MdmConfigReceiver"
116-->src/main/AndroidManifest.xml:94:13-46
117            android:exported="true" >
117-->src/main/AndroidManifest.xml:95:13-36
118            <intent-filter>
118-->src/main/AndroidManifest.xml:96:13-98:29
119                <action android:name="android.intent.action.APPLICATION_RESTRICTIONS_CHANGED" />
119-->src/main/AndroidManifest.xml:97:17-97
119-->src/main/AndroidManifest.xml:97:25-94
120            </intent-filter>
121        </receiver>
122
123        <!-- Receiver para início automático no boot e atualização -->
124        <receiver
124-->src/main/AndroidManifest.xml:102:9-109:20
125            android:name="com.cityhub.agent.BootReceiver"
125-->src/main/AndroidManifest.xml:103:13-41
126            android:exported="true" >
126-->src/main/AndroidManifest.xml:104:13-36
127            <intent-filter>
127-->src/main/AndroidManifest.xml:105:13-108:29
128                <action android:name="android.intent.action.BOOT_COMPLETED" />
128-->src/main/AndroidManifest.xml:106:17-79
128-->src/main/AndroidManifest.xml:106:25-76
129                <action android:name="android.intent.action.MY_PACKAGE_REPLACED" />
129-->src/main/AndroidManifest.xml:107:17-84
129-->src/main/AndroidManifest.xml:107:25-81
130            </intent-filter>
131        </receiver>
132
133        <service
133-->src/main/AndroidManifest.xml:111:9-119:19
134            android:name="com.cityhub.agent.OverlayService"
134-->src/main/AndroidManifest.xml:112:13-43
135            android:enabled="true"
135-->src/main/AndroidManifest.xml:113:13-35
136            android:exported="false"
136-->src/main/AndroidManifest.xml:114:13-37
137            android:foregroundServiceType="specialUse" >
137-->src/main/AndroidManifest.xml:115:13-55
138            <property
138-->src/main/AndroidManifest.xml:116:13-118:84
139                android:name="android.app.PROPERTY_SPECIAL_USE_FGS_SUBTYPE"
139-->src/main/AndroidManifest.xml:117:17-76
140                android:value="Monitoramento de conformidade de segurança e MDM" />
140-->src/main/AndroidManifest.xml:118:17-81
141        </service>
142
143        <!--
144            Schema de Managed Configuration para o MDM.
145            Consoles como Intune e Workspace ONE leem este arquivo para
146            gerar o formulário de config no portal do administrador.
147        -->
148        <meta-data
148-->src/main/AndroidManifest.xml:126:9-128:56
149            android:name="android.content.APP_RESTRICTIONS"
149-->src/main/AndroidManifest.xml:127:13-60
150            android:resource="@xml/app_restrictions" />
150-->src/main/AndroidManifest.xml:128:13-53
151
152        <provider
152-->[androidx.emoji2:emoji2:1.2.0] AndroidManifest.xml:24:9-32:20
153            android:name="androidx.startup.InitializationProvider"
153-->[androidx.emoji2:emoji2:1.2.0] AndroidManifest.xml:25:13-67
154            android:authorities="com.cityhub.agent.androidx-startup"
154-->[androidx.emoji2:emoji2:1.2.0] AndroidManifest.xml:26:13-68
155            android:exported="false" >
155-->[androidx.emoji2:emoji2:1.2.0] AndroidManifest.xml:27:13-37
156            <meta-data
156-->[androidx.emoji2:emoji2:1.2.0] AndroidManifest.xml:29:13-31:52
157                android:name="androidx.emoji2.text.EmojiCompatInitializer"
157-->[androidx.emoji2:emoji2:1.2.0] AndroidManifest.xml:30:17-75
158                android:value="androidx.startup" />
158-->[androidx.emoji2:emoji2:1.2.0] AndroidManifest.xml:31:17-49
159            <meta-data
159-->[androidx.lifecycle:lifecycle-process:2.4.1] AndroidManifest.xml:31:13-33:52
160                android:name="androidx.lifecycle.ProcessLifecycleInitializer"
160-->[androidx.lifecycle:lifecycle-process:2.4.1] AndroidManifest.xml:32:17-78
161                android:value="androidx.startup" />
161-->[androidx.lifecycle:lifecycle-process:2.4.1] AndroidManifest.xml:33:17-49
162        </provider>
163    </application>
164
165</manifest>